info it worked if it ends with ok
verbose cli [ 'node', '/usr/local/bin/npm', 'i', 'uglify' ]
info using npm@1.1.21
info using node@v0.6.17
verbose /usr/local/bin/node node symlink
verbose config file /Users/neaf/.npmrc
verbose config file /usr/local/etc/npmrc
verbose config file /usr/local/lib/node_modules/npm/npmrc
verbose caching /Users/neaf/Work/fs/agility.js/package.json
verbose loadDefaults agility@1.0.0
verbose caching /Users/neaf/Work/fs/agility.js/node_modules/backbone/package.json
verbose caching /Users/neaf/Work/fs/agility.js/node_modules/chai/package.json
verbose caching /Users/neaf/Work/fs/agility.js/node_modules/coffee-script/package.json
verbose caching /Users/neaf/Work/fs/agility.js/node_modules/handlebars/package.json
verbose caching /Users/neaf/Work/fs/agility.js/node_modules/jquery/package.json
verbose caching /Users/neaf/Work/fs/agility.js/node_modules/jsdom/package.json
verbose caching /Users/neaf/Work/fs/agility.js/node_modules/mocha/package.json
verbose caching /Users/neaf/Work/fs/agility.js/node_modules/underscore/package.json
verbose caching /Users/neaf/Work/fs/agility.js/node_modules/sinon/package.json
verbose from cache /Users/neaf/Work/fs/agility.js/package.json
verbose readDependencies: using package.json deps
verbose cache add [ 'uglify', null ]
silly cache add: name, spec, args [ undefined, 'uglify', [ 'uglify', null ] ]
verbose parsed url { pathname: 'uglify', path: 'uglify', href: 'uglify' }
verbose addNamed [ 'uglify', '' ]
verbose addNamed [ null, '' ]
silly name, range, hasData [ 'uglify', '', false ]
verbose raw, before any munging uglify
verbose url resolving [ 'https://registry.npmjs.org/', './uglify' ]
verbose url resolved https://registry.npmjs.org/uglify
http GET https://registry.npmjs.org/uglify
http 200 https://registry.npmjs.org/uglify
silly get cb [ 200,
silly get cb   { vary: 'Accept',
silly get cb     server: 'CouchDB/1.2.0 (Erlang OTP/R15B)',
silly get cb     etag: '"CKFI6AFC2474HRI3EHGSK1YID"',
silly get cb     date: 'Tue, 15 May 2012 09:07:52 GMT',
silly get cb     'content-type': 'application/json',
silly get cb     'content-length': '233' } ]
silly name, range, hasData 2 [ 'uglify', '', true ]
silly versions [ 'uglify', [] ]
ERR! Error: No compatible version found: uglify
ERR! No valid targets found.
ERR! Perhaps not compatible with your version of node?
ERR!     at installTargetsError (/usr/local/lib/node_modules/npm/lib/cache.js:486:10)
ERR!     at next_ (/usr/local/lib/node_modules/npm/lib/cache.js:436:17)
ERR!     at next (/usr/local/lib/node_modules/npm/lib/cache.js:413:44)
ERR!     at /usr/local/lib/node_modules/npm/lib/cache.js:406:5
ERR!     at saved (/usr/local/lib/node_modules/npm/lib/utils/npm-registry-client/get.js:151:7)
ERR!     at Object.oncomplete (/usr/local/lib/node_modules/npm/node_modules/graceful-fs/graceful-fs.js:230:7)
ERR! You may report this log at:
ERR!     <http://github.com/isaacs/npm/issues>
ERR! or email it to:
ERR!     <npm-@googlegroups.com>
ERR! 
ERR! System Darwin 11.3.0
ERR! command "node" "/usr/local/bin/npm" "i" "uglify"
ERR! cwd /Users/neaf/Work/fs/agility.js
ERR! node -v v0.6.17
ERR! npm -v 1.1.21
ERR! message No compatible version found: uglify
ERR! message No valid targets found.
ERR! message Perhaps not compatible with your version of node?
verbose exit [ 1, true ]
